5 -7 96.6667
-1 -7 92.0
5 -1 96.6667
-1 -1 96.6667
11 -7 97.3333
11 -1 94.6667
5 -13 92.0
-1 -13 92.0
11 -13 96.6667
-3 -7 92.0
-3 -1 95.3333
-3 -13 92.0
5 1 96.0
-1 1 96.0
11 1 95.3333
-3 1 96.0
9 -7 96.6667
9 -1 95.3333
9 -13 96.0
9 1 95.3333
5 -11 94.0
-1 -11 92.0
11 -11 96.0
-3 -11 92.0
9 -11 96.6667
3 -7 96.0
3 -1 96.0
3 -13 92.0
3 1 95.3333
3 -11 92.0
5 -5 96.0
-1 -5 94.0
11 -5 94.6667
-3 -5 92.0
9 -5 97.3333
3 -5 96.6667
15 -7 97.3333
15 -1 94.6667
15 -13 96.6667
15 1 95.3333
15 -11 97.3333
15 -5 96.6667
5 -15 92.0
-1 -15 92.0
11 -15 96.0
-3 -15 92.0
9 -15 94.0
3 -15 92.0
15 -15 96.0
-5 -7 92.0
-5 -1 93.3333
-5 -13 92.0
-5 1 95.3333
-5 -11 92.0
-5 -5 92.0
-5 -15 92.0
5 3 95.3333
-1 3 94.6667
11 3 95.3333
-3 3 94.6667
9 3 95.3333
3 3 95.3333
15 3 95.3333
-5 3 94.0
7 -7 96.0
7 -1 96.0
7 -13 94.0
7 1 95.3333
7 -11 96.0
7 -5 96.6667
7 -15 92.0
7 3 95.3333
5 -9 96.0
-1 -9 92.0
11 -9 96.6667
-3 -9 92.0
9 -9 96.0
3 -9 94.0
15 -9 96.0
-5 -9 92.0
7 -9 96.6667
1 -7 94.0
1 -1 97.3333
1 -13 92.0
1 1 95.3333
1 -11 92.0
1 -5 96.0
1 -15 92.0
1 3 94.6667
1 -9 92.0
5 -3 96.0
-1 -3 96.0
11 -3 95.3333
-3 -3 93.3333
9 -3 95.3333
3 -3 96.0
15 -3 96.0
-5 -3 93.3333
7 -3 97.3333
1 -3 96.6667
13 -7 96.0
13 -1 94.6667
13 -13 96.0
13 1 95.3333
13 -11 96.6667
13 -5 96.6667
13 -15 96.6667
13 3 95.3333
13 -9 97.3333
13 -3 95.3333
