5 -7 55.6
-1 -7 55.6
5 -1 55.6
-1 -1 55.6
11 -7 55.6
11 -1 55.6
5 -13 55.6
-1 -13 55.6
11 -13 55.6
-3 -7 55.6
-3 -1 55.6
-3 -13 55.6
5 1 55.6
-1 1 55.6
11 1 55.6
-3 1 55.6
9 -7 55.6
9 -1 55.6
9 -13 55.6
9 1 55.6
5 -11 55.6
-1 -11 55.6
11 -11 55.6
-3 -11 55.6
9 -11 55.6
3 -7 55.6
3 -1 55.6
3 -13 55.6
3 1 55.6
3 -11 55.6
5 -5 55.6
-1 -5 55.6
11 -5 55.6
-3 -5 55.6
9 -5 55.6
3 -5 55.6
15 -7 55.6
15 -1 55.6
15 -13 55.6
15 1 55.6
15 -11 55.6
15 -5 55.6
5 -15 55.6
-1 -15 55.6
11 -15 55.6
-3 -15 55.6
9 -15 55.6
3 -15 55.6
15 -15 55.6
-5 -7 55.6
-5 -1 55.6
-5 -13 55.6
-5 1 55.6
-5 -11 55.6
-5 -5 55.6
-5 -15 55.6
5 3 55.6
-1 3 55.6
11 3 55.6
-3 3 55.6
9 3 55.6
3 3 55.6
15 3 55.6
-5 3 55.6
7 -7 55.6
7 -1 55.6
7 -13 55.6
7 1 55.6
7 -11 55.6
7 -5 55.6
7 -15 55.6
7 3 55.6
5 -9 55.6
-1 -9 55.6
11 -9 55.6
-3 -9 55.6
9 -9 55.6
3 -9 55.6
15 -9 55.6
-5 -9 55.6
7 -9 55.6
1 -7 55.6
1 -1 55.6
1 -13 55.6
1 1 55.6
1 -11 55.6
1 -5 55.6
1 -15 55.6
1 3 55.6
1 -9 55.6
5 -3 55.6
-1 -3 55.6
11 -3 55.6
-3 -3 55.6
9 -3 55.6
3 -3 55.6
15 -3 55.6
-5 -3 55.6
7 -3 55.6
1 -3 55.6
13 -7 55.6
13 -1 55.6
13 -13 55.6
13 1 55.6
13 -11 55.6
13 -5 55.6
13 -15 55.6
13 3 55.6
13 -9 55.6
13 -3 55.6
